# JRE version: Java(TM) SE Runtime Environment (8.0_25-b17) (build 1.8.0_25-b17)
# Java VM: Java HotSpot(TM) 64-Bit Server VM (25.25-b02 mixed mode linux-amd64 compressed oops)
Heap:
 PSYoungGen      total 246272K, used 16875K [0x00000000eab00000, 0x00000000fac00000, 0x0000000100000000)
  eden space 229376K, 0% used [0x00000000eab00000,0x00000000eab00000,0x00000000f8b00000)
  from space 16896K, 99% used [0x00000000f8b00000,0x00000000f9b7af70,0x00000000f9b80000)
  to   space 16896K, 0% used [0x00000000f9b80000,0x00000000f9b80000,0x00000000fac00000)
 ParOldGen       total 76800K, used 50675K [0x00000000c0000000, 0x00000000c4b00000, 0x00000000eab00000)
  object space 76800K, 65% used [0x00000000c0000000,0x00000000c317ced8,0x00000000c4b00000)
 Metaspace       used 55089K, capacity 57096K, committed 57344K, reserved 1097728K
  class space    used 7442K, capacity 8192K, committed 8192K, reserved 1048576K
GC Heap History (10 events):
Event: 9.724 GC heap after
Heap after GC invocations=11 (full 1):
 PSYoungGen      total 175104K, used 8757K [0x00000000eab00000, 0x00000000f7e80000, 0x0000000100000000)
  eden space 161280K, 0% used [0x00000000eab00000,0x00000000eab00000,0x00000000f4880000)
  from space 13824K, 63% used [0x00000000f5600000,0x00000000f5e8d478,0x00000000f6380000)
  to   space 13824K, 0% used [0x00000000f4880000,0x00000000f4880000,0x00000000f5600000)
 ParOldGen       total 51200K, used 18900K [0x00000000c0000000, 0x00000000c3200000, 0x00000000eab00000)
  object space 51200K, 36% used [0x00000000c0000000,0x00000000c1275158,0x00000000c3200000)
 Metaspace       used 34500K, capacity 35346K, committed 35456K, reserved 1079296K
  class space    used 4633K, capacity 4983K, committed 4992K, reserved 1048576K
}
Event: 9.724 GC heap before
{Heap before GC invocations=12 (full 2):
 PSYoungGen      total 175104K, used 8757K [0x00000000eab00000, 0x00000000f7e80000, 0x0000000100000000)
  eden space 161280K, 0% used [0x00000000eab00000,0x00000000eab00000,0x00000000f4880000)
  from space 13824K, 63% used [0x00000000f5600000,0x00000000f5e8d478,0x00000000f6380000)
  to   space 13824K, 0% used [0x00000000f4880000,0x00000000f4880000,0x00000000f5600000)
 ParOldGen       total 51200K, used 18900K [0x00000000c0000000, 0x00000000c3200000, 0x00000000eab00000)
  object space 51200K, 36% used [0x00000000c0000000,0x00000000c1275158,0x00000000c3200000)
 Metaspace       used 34500K, capacity 35346K, committed 35456K, reserved 1079296K
  class space    used 4633K, capacity 4983K, committed 4992K, reserved 1048576K
Event: 9.839 GC heap after
Heap after GC invocations=12 (full 2):
 PSYoungGen      total 175104K, used 0K [0x00000000eab00000, 0x00000000f7e80000, 0x0000000100000000)
  eden space 161280K, 0% used [0x00000000eab00000,0x00000000eab00000,0x00000000f4880000)
  from space 13824K, 0% used [0x00000000f5600000,0x00000000f5600000,0x00000000f6380000)
  to   space 13824K, 0% used [0x00000000f4880000,0x00000000f4880000,0x00000000f5600000)
 ParOldGen       total 76800K, used 20925K [0x00000000c0000000, 0x00000000c4b00000, 0x00000000eab00000)
  object space 76800K, 27% used [0x00000000c0000000,0x00000000c146f708,0x00000000c4b00000)
 Metaspace       used 34500K, capacity 35346K, committed 35456K, reserved 1079296K
  class space    used 4633K, capacity 4983K, committed 4992K, reserved 1048576K
}
Event: 12.662 GC heap before
{Heap before GC invocations=13 (full 2):
 PSYoungGen      total 175104K, used 161280K [0x00000000eab00000, 0x00000000f7e80000, 0x0000000100000000)
  eden space 161280K, 100% used [0x00000000eab00000,0x00000000f4880000,0x00000000f4880000)
  from space 13824K, 0% used [0x00000000f5600000,0x00000000f5600000,0x00000000f6380000)
  to   space 13824K, 0% used [0x00000000f4880000,0x00000000f4880000,0x00000000f5600000)
 ParOldGen       total 76800K, used 20925K [0x00000000c0000000, 0x00000000c4b00000, 0x00000000eab00000)
  object space 76800K, 27% used [0x00000000c0000000,0x00000000c146f708,0x00000000c4b00000)
 Metaspace       used 39808K, capacity 41056K, committed 41344K, reserved 1085440K
  class space    used 5419K, capacity 5941K, committed 6016K, reserved 1048576K
Event: 12.727 GC heap after
Heap after GC invocations=13 (full 2):
 PSYoungGen      total 175104K, used 13803K [0x00000000eab00000, 0x00000000fac00000, 0x0000000100000000)
  eden space 161280K, 0% used [0x00000000eab00000,0x00000000eab00000,0x00000000f4880000)
  from space 13824K, 99% used [0x00000000f4880000,0x00000000f55faf80,0x00000000f5600000)
  to   space 16896K, 0% used [0x00000000f9b80000,0x00000000f9b80000,0x00000000fac00000)
 ParOldGen       total 76800K, used 25422K [0x00000000c0000000, 0x00000000c4b00000, 0x00000000eab00000)
  object space 76800K, 33% used [0x00000000c0000000,0x00000000c18d3958,0x00000000c4b00000)
 Metaspace       used 39808K, capacity 41056K, committed 41344K, reserved 1085440K
  class space    used 5419K, capacity 5941K, committed 6016K, reserved 1048576K
}
Event: 25.968 GC heap before
{Heap before GC invocations=14 (full 2):
 PSYoungGen      total 175104K, used 105761K [0x00000000eab00000, 0x00000000fac00000, 0x0000000100000000)
  eden space 161280K, 57% used [0x00000000eab00000,0x00000000f04cd7d8,0x00000000f4880000)
  from space 13824K, 99% used [0x00000000f4880000,0x00000000f55faf80,0x00000000f5600000)
  to   space 16896K, 0% used [0x00000000f9b80000,0x00000000f9b80000,0x00000000fac00000)
 ParOldGen       total 76800K, used 25422K [0x00000000c0000000, 0x00000000c4b00000, 0x00000000eab00000)
  object space 76800K, 33% used [0x00000000c0000000,0x00000000c18d3958,0x00000000c4b00000)
 Metaspace       used 47205K, capacity 48610K, committed 48896K, reserved 1091584K
  class space    used 6363K, capacity 6861K, committed 6912K, reserved 1048576K
Event: 25.998 GC heap after
Heap after GC invocations=14 (full 2):
 PSYoungGen      total 246272K, used 9903K [0x00000000eab00000, 0x00000000fac00000, 0x0000000100000000)
  eden space 229376K, 0% used [0x00000000eab00000,0x00000000eab00000,0x00000000f8b00000)
  from space 16896K, 58% used [0x00000000f9b80000,0x00000000fa52bed8,0x00000000fac00000)
  to   space 16896K, 0% used [0x00000000f8b00000,0x00000000f8b00000,0x00000000f9b80000)
 ParOldGen       total 76800K, used 38602K [0x00000000c0000000, 0x00000000c4b00000, 0x00000000eab00000)
  object space 76800K, 50% used [0x00000000c0000000,0x00000000c25b2a78,0x00000000c4b00000)
 Metaspace       used 47205K, capacity 48610K, committed 48896K, reserved 1091584K
  class space    used 6363K, capacity 6861K, committed 6912K, reserved 1048576K
}
Event: 25.998 GC heap before
{Heap before GC invocations=15 (full 3):
 PSYoungGen      total 246272K, used 9903K [0x00000000eab00000, 0x00000000fac00000, 0x0000000100000000)
  eden space 229376K, 0% used [0x00000000eab00000,0x00000000eab00000,0x00000000f8b00000)
  from space 16896K, 58% used [0x00000000f9b80000,0x00000000fa52bed8,0x00000000fac00000)
  to   space 16896K, 0% used [0x00000000f8b00000,0x00000000f8b00000,0x00000000f9b80000)
 ParOldGen       total 76800K, used 38602K [0x00000000c0000000, 0x00000000c4b00000, 0x00000000eab00000)
  object space 76800K, 50% used [0x00000000c0000000,0x00000000c25b2a78,0x00000000c4b00000)
 Metaspace       used 47205K, capacity 48610K, committed 48896K, reserved 1091584K
  class space    used 6363K, capacity 6861K, committed 6912K, reserved 1048576K
Event: 26.317 GC heap after
Heap after GC invocations=15 (full 3):
 PSYoungGen      total 246272K, used 0K [0x00000000eab00000, 0x00000000fac00000, 0x0000000100000000)
  eden space 229376K, 0% used [0x00000000eab00000,0x00000000eab00000,0x00000000f8b00000)
  from space 16896K, 0% used [0x00000000f9b80000,0x00000000f9b80000,0x00000000fac00000)
  to   space 16896K, 0% used [0x00000000f8b00000,0x00000000f8b00000,0x00000000f9b80000)
 ParOldGen       total 76800K, used 42637K [0x00000000c0000000, 0x00000000c4b00000, 0x00000000eab00000)
  object space 76800K, 55% used [0x00000000c0000000,0x00000000c29a3430,0x00000000c4b00000)
 Metaspace       used 47172K, capacity 48496K, committed 48896K, reserved 1091584K
  class space    used 6355K, capacity 6827K, committed 6912K, reserved 1048576K
}
Event: 167.449 GC heap before
{Heap before GC invocations=16 (full 3):
 PSYoungGen      total 246272K, used 229376K [0x00000000eab00000, 0x00000000fac00000, 0x0000000100000000)
  eden space 229376K, 100% used [0x00000000eab00000,0x00000000f8b00000,0x00000000f8b00000)
  from space 16896K, 0% used [0x00000000f9b80000,0x00000000f9b80000,0x00000000fac00000)
  to   space 16896K, 0% used [0x00000000f8b00000,0x00000000f8b00000,0x00000000f9b80000)
 ParOldGen       total 76800K, used 42637K [0x00000000c0000000, 0x00000000c4b00000, 0x00000000eab00000)
  object space 76800K, 55% used [0x00000000c0000000,0x00000000c29a3430,0x00000000c4b00000)
 Metaspace       used 55089K, capacity 57096K, committed 57344K, reserved 1097728K
  class space    used 7442K, capacity 8192K, committed 8192K, reserved 1048576K

